===================================================================================
00010 ./Assignment3/input_data/ellipse_N_00010.gal 200
N = 10
fileName1 = 'result.gal'
fileName2 = './Assignment3/ref_output_data/ellipse_N_00010_after200steps.gal'
read_doubles_from_file error: size of input file 'result.gal' does not match the given n.
For n = 60 the file size is expected to be (n * sizeof(double)) = 480 but the actual file size is 144000.
Error reading file 'result.gal'
1
./test.sh: line 22: ./galsim: No such file or directory

real	0m0.001s
user	0m0.000s
sys	0m0.000s
2
./test.sh: line 22: ./galsim: No such file or directory

real	0m0.001s
user	0m0.001s
sys	0m0.000s
3
./test.sh: line 22: ./galsim: No such file or directory

real	0m0.001s
user	0m0.001s
sys	0m0.000s
4
./test.sh: line 22: ./galsim: No such file or directory

real	0m0.001s
user	0m0.001s
sys	0m0.000s
5
./test.sh: line 22: ./galsim: No such file or directory

real	0m0.001s
user	0m0.000s
sys	0m0.000s
6
./test.sh: line 22: ./galsim: No such file or directory

real	0m0.001s
user	0m0.001s
sys	0m0.000s
7
./test.sh: line 22: ./galsim: No such file or directory

real	0m0.001s
user	0m0.001s
sys	0m0.000s
8
./test.sh: line 22: ./galsim: No such file or directory

real	0m0.001s
user	0m0.001s
sys	0m0.000s
9
./test.sh: line 22: ./galsim: No such file or directory

real	0m0.001s
user	0m0.001s
sys	0m0.000s
10
./test.sh: line 22: ./galsim: No such file or directory

real	0m0.001s
user	0m0.000s
sys	0m0.000s
00100 ./Assignment3/input_data/ellipse_N_00100.gal 200
N = 100
fileName1 = 'result.gal'
fileName2 = './Assignment3/ref_output_data/ellipse_N_00100_after200steps.gal'
read_doubles_from_file error: size of input file 'result.gal' does not match the given n.
For n = 600 the file size is expected to be (n * sizeof(double)) = 4800 but the actual file size is 144000.
Error reading file 'result.gal'
1
./test.sh: line 22: ./galsim: No such file or directory

real	0m0.001s
user	0m0.001s
sys	0m0.000s
2
./test.sh: line 22: ./galsim: No such file or directory

real	0m0.001s
user	0m0.001s
sys	0m0.000s
3
./test.sh: line 22: ./galsim: No such file or directory

real	0m0.001s
user	0m0.000s
sys	0m0.000s
4
./test.sh: line 22: ./galsim: No such file or directory

real	0m0.001s
user	0m0.001s
sys	0m0.000s
5
./test.sh: line 22: ./galsim: No such file or directory

real	0m0.001s
user	0m0.001s
sys	0m0.000s
6
./test.sh: line 22: ./galsim: No such file or directory

real	0m0.001s
user	0m0.001s
sys	0m0.000s
7
./test.sh: line 22: ./galsim: No such file or directory

real	0m0.001s
user	0m0.001s
sys	0m0.000s
8
./test.sh: line 22: ./galsim: No such file or directory

real	0m0.001s
user	0m0.001s
sys	0m0.000s
9
./test.sh: line 22: ./galsim: No such file or directory

real	0m0.002s
user	0m0.002s
sys	0m0.001s
10
./test.sh: line 22: ./galsim: No such file or directory

real	0m0.002s
user	0m0.000s
sys	0m0.002s
00500 ./Assignment3/input_data/ellipse_N_00500.gal 200
N = 500
fileName1 = 'result.gal'
fileName2 = './Assignment3/ref_output_data/ellipse_N_00500_after200steps.gal'
read_doubles_from_file error: size of input file 'result.gal' does not match the given n.
For n = 3000 the file size is expected to be (n * sizeof(double)) = 24000 but the actual file size is 144000.
Error reading file 'result.gal'
1
./test.sh: line 22: ./galsim: No such file or directory

real	0m0.001s
user	0m0.000s
sys	0m0.000s
2
./test.sh: line 22: ./galsim: No such file or directory

real	0m0.001s
user	0m0.001s
sys	0m0.000s
3
./test.sh: line 22: ./galsim: No such file or directory

real	0m0.001s
user	0m0.000s
sys	0m0.001s
4
./test.sh: line 22: ./galsim: No such file or directory

real	0m0.001s
user	0m0.000s
sys	0m0.000s
5
./test.sh: line 22: ./galsim: No such file or directory

real	0m0.001s
user	0m0.001s
sys	0m0.000s
6
./test.sh: line 22: ./galsim: No such file or directory

real	0m0.001s
user	0m0.000s
sys	0m0.000s
7
./test.sh: line 22: ./galsim: No such file or directory

real	0m0.001s
user	0m0.000s
sys	0m0.000s
8
./test.sh: line 22: ./galsim: No such file or directory

real	0m0.001s
user	0m0.001s
sys	0m0.000s
9
./test.sh: line 22: ./galsim: No such file or directory

real	0m0.001s
user	0m0.000s
sys	0m0.000s
10
./test.sh: line 22: ./galsim: No such file or directory

real	0m0.001s
user	0m0.001s
sys	0m0.000s
01000 ./Assignment3/input_data/ellipse_N_01000.gal 200
N = 1000
fileName1 = 'result.gal'
fileName2 = './Assignment3/ref_output_data/ellipse_N_01000_after200steps.gal'
read_doubles_from_file error: size of input file 'result.gal' does not match the given n.
For n = 6000 the file size is expected to be (n * sizeof(double)) = 48000 but the actual file size is 144000.
Error reading file 'result.gal'
1
./test.sh: line 22: ./galsim: No such file or directory

real	0m0.001s
user	0m0.000s
sys	0m0.001s
2
./test.sh: line 22: ./galsim: No such file or directory

real	0m0.001s
user	0m0.000s
sys	0m0.000s
3
./test.sh: line 22: ./galsim: No such file or directory

real	0m0.001s
user	0m0.001s
sys	0m0.000s
4
./test.sh: line 22: ./galsim: No such file or directory

real	0m0.001s
user	0m0.000s
sys	0m0.000s
5
./test.sh: line 22: ./galsim: No such file or directory

real	0m0.001s
user	0m0.000s
sys	0m0.000s
6
./test.sh: line 22: ./galsim: No such file or directory

real	0m0.001s
user	0m0.000s
sys	0m0.001s
7
./test.sh: line 22: ./galsim: No such file or directory

real	0m0.001s
user	0m0.000s
sys	0m0.000s
8
./test.sh: line 22: ./galsim: No such file or directory

real	0m0.001s
user	0m0.000s
sys	0m0.000s
9
./test.sh: line 22: ./galsim: No such file or directory

real	0m0.001s
user	0m0.000s
sys	0m0.000s
10
./test.sh: line 22: ./galsim: No such file or directory

real	0m0.001s
user	0m0.001s
sys	0m0.001s
02000 ./Assignment3/input_data/ellipse_N_02000.gal 200
N = 2000
fileName1 = 'result.gal'
fileName2 = './Assignment3/ref_output_data/ellipse_N_02000_after200steps.gal'
read_doubles_from_file error: size of input file 'result.gal' does not match the given n.
For n = 12000 the file size is expected to be (n * sizeof(double)) = 96000 but the actual file size is 144000.
Error reading file 'result.gal'
1
./test.sh: line 22: ./galsim: No such file or directory

real	0m0.001s
user	0m0.000s
sys	0m0.000s
2
./test.sh: line 22: ./galsim: No such file or directory

real	0m0.001s
user	0m0.000s
sys	0m0.000s
3
./test.sh: line 22: ./galsim: No such file or directory

real	0m0.001s
user	0m0.000s
sys	0m0.000s
4
./test.sh: line 22: ./galsim: No such file or directory

real	0m0.001s
user	0m0.000s
sys	0m0.000s
5
./test.sh: line 22: ./galsim: No such file or directory

real	0m0.001s
user	0m0.000s
sys	0m0.000s
6
./test.sh: line 22: ./galsim: No such file or directory

real	0m0.001s
user	0m0.000s
sys	0m0.000s
7
./test.sh: line 22: ./galsim: No such file or directory

real	0m0.001s
user	0m0.000s
sys	0m0.001s
8
./test.sh: line 22: ./galsim: No such file or directory

real	0m0.001s
user	0m0.000s
sys	0m0.001s
9
./test.sh: line 22: ./galsim: No such file or directory

real	0m0.001s
user	0m0.000s
sys	0m0.000s
10
./test.sh: line 22: ./galsim: No such file or directory

real	0m0.001s
user	0m0.001s
sys	0m0.000s
03000 ./Assignment3/input_data/ellipse_N_03000.gal 100
N = 3000
fileName1 = 'result.gal'
fileName2 = './Assignment3/ref_output_data/ellipse_N_03000_after100steps.gal'
pos_maxdiff =   0.000000001922
1
./test.sh: line 22: ./galsim: No such file or directory

real	0m0.001s
user	0m0.001s
sys	0m0.000s
2
./test.sh: line 22: ./galsim: No such file or directory

real	0m0.001s
user	0m0.001s
sys	0m0.000s
3
./test.sh: line 22: ./galsim: No such file or directory

real	0m0.001s
user	0m0.001s
sys	0m0.000s
4
./test.sh: line 22: ./galsim: No such file or directory

real	0m0.001s
user	0m0.001s
sys	0m0.000s
5
./test.sh: line 22: ./galsim: No such file or directory

real	0m0.001s
user	0m0.000s
sys	0m0.001s
6
./test.sh: line 22: ./galsim: No such file or directory

real	0m0.001s
user	0m0.001s
sys	0m0.000s
7
./test.sh: line 22: ./galsim: No such file or directory

real	0m0.001s
user	0m0.001s
sys	0m0.000s
8
./test.sh: line 22: ./galsim: No such file or directory

real	0m0.001s
user	0m0.001s
sys	0m0.000s
9
./test.sh: line 22: ./galsim: No such file or directory

real	0m0.001s
user	0m0.001s
sys	0m0.000s
10
./test.sh: line 22: ./galsim: No such file or directory

real	0m0.001s
user	0m0.001s
sys	0m0.000s
===================================================================================
00010 ./Assignment3/input_data/ellipse_N_00010.gal 200
N = 10
fileName1 = 'result.gal'
fileName2 = './Assignment3/ref_output_data/ellipse_N_00010_after200steps.gal'
pos_maxdiff =   0.000000000000
1

real	0m0.001s
user	0m0.001s
sys	0m0.000s
2

real	0m0.001s
user	0m0.001s
sys	0m0.000s
3

real	0m0.001s
user	0m0.001s
sys	0m0.000s
4

real	0m0.001s
user	0m0.001s
sys	0m0.000s
5

real	0m0.001s
user	0m0.000s
sys	0m0.001s
6

real	0m0.001s
user	0m0.001s
sys	0m0.000s
7

real	0m0.001s
user	0m0.001s
sys	0m0.000s
8

real	0m0.001s
user	0m0.001s
sys	0m0.000s
9

real	0m0.002s
user	0m0.000s
sys	0m0.002s
10

real	0m0.001s
user	0m0.001s
sys	0m0.000s
00100 ./Assignment3/input_data/ellipse_N_00100.gal 200
N = 100
fileName1 = 'result.gal'
fileName2 = './Assignment3/ref_output_data/ellipse_N_00100_after200steps.gal'
pos_maxdiff =   0.000000000000
1

real	0m0.007s
user	0m0.007s
sys	0m0.000s
2

real	0m0.007s
user	0m0.007s
sys	0m0.000s
3

real	0m0.007s
user	0m0.007s
sys	0m0.000s
4

real	0m0.006s
user	0m0.006s
sys	0m0.000s
5

real	0m0.006s
user	0m0.006s
sys	0m0.000s
6

real	0m0.006s
user	0m0.006s
sys	0m0.000s
7

real	0m0.006s
user	0m0.006s
sys	0m0.000s
8

real	0m0.006s
user	0m0.006s
sys	0m0.000s
9

real	0m0.007s
user	0m0.003s
sys	0m0.003s
10

real	0m0.007s
user	0m0.007s
sys	0m0.000s
00500 ./Assignment3/input_data/ellipse_N_00500.gal 200
N = 500
fileName1 = 'result.gal'
fileName2 = './Assignment3/ref_output_data/ellipse_N_00500_after200steps.gal'
pos_maxdiff =   0.000000000000
1

real	0m0.129s
user	0m0.129s
sys	0m0.000s
2

real	0m0.131s
user	0m0.131s
sys	0m0.000s
3

real	0m0.132s
user	0m0.127s
sys	0m0.004s
4

real	0m0.176s
user	0m0.176s
sys	0m0.001s
5

real	0m0.124s
user	0m0.124s
sys	0m0.000s
6

real	0m0.123s
user	0m0.123s
sys	0m0.000s
7

real	0m0.123s
user	0m0.122s
sys	0m0.000s
8

real	0m0.121s
user	0m0.117s
sys	0m0.004s
9

real	0m0.123s
user	0m0.122s
sys	0m0.000s
10

real	0m0.122s
user	0m0.121s
sys	0m0.000s
01000 ./Assignment3/input_data/ellipse_N_01000.gal 200
N = 1000
fileName1 = 'result.gal'
fileName2 = './Assignment3/ref_output_data/ellipse_N_01000_after200steps.gal'
pos_maxdiff =   0.000000000000
1

real	0m0.482s
user	0m0.482s
sys	0m0.000s
2

real	0m0.484s
user	0m0.484s
sys	0m0.000s
3

real	0m0.487s
user	0m0.487s
sys	0m0.000s
4

real	0m0.485s
user	0m0.485s
sys	0m0.000s
5

real	0m0.484s
user	0m0.484s
sys	0m0.000s
6

real	0m0.486s
user	0m0.486s
sys	0m0.000s
7

real	0m0.481s
user	0m0.477s
sys	0m0.004s
8

real	0m0.487s
user	0m0.486s
sys	0m0.000s
9

real	0m0.485s
user	0m0.485s
sys	0m0.000s
10

real	0m0.484s
user	0m0.484s
sys	0m0.000s
02000 ./Assignment3/input_data/ellipse_N_02000.gal 200
N = 2000
fileName1 = 'result.gal'
fileName2 = './Assignment3/ref_output_data/ellipse_N_02000_after200steps.gal'
pos_maxdiff =   0.000000000000
1

real	0m1.913s
user	0m1.913s
sys	0m0.000s
2

real	0m1.929s
user	0m1.928s
sys	0m0.000s
3

real	0m1.922s
user	0m1.917s
sys	0m0.004s
4

real	0m1.921s
user	0m1.920s
sys	0m0.000s
5

real	0m1.911s
user	0m1.911s
sys	0m0.000s
6

real	0m1.913s
user	0m1.913s
sys	0m0.000s
7

real	0m1.917s
user	0m1.917s
sys	0m0.000s
8

real	0m1.923s
user	0m1.922s
sys	0m0.000s
9

real	0m1.924s
user	0m1.923s
sys	0m0.000s
10

real	0m1.925s
user	0m1.925s
sys	0m0.000s
03000 ./Assignment3/input_data/ellipse_N_03000.gal 100
N = 3000
fileName1 = 'result.gal'
fileName2 = './Assignment3/ref_output_data/ellipse_N_03000_after100steps.gal'
pos_maxdiff =   0.000000000000
1

real	0m2.161s
user	0m2.160s
sys	0m0.000s
2

real	0m2.148s
user	0m2.144s
sys	0m0.004s
3

real	0m2.152s
user	0m2.152s
sys	0m0.000s
4

real	0m2.173s
user	0m2.173s
sys	0m0.000s
5

real	0m2.161s
user	0m2.161s
sys	0m0.000s
6

real	0m2.154s
user	0m2.154s
sys	0m0.000s
7

real	0m2.140s
user	0m2.140s
sys	0m0.000s
8

real	0m2.159s
user	0m2.159s
sys	0m0.000s
9

real	0m2.161s
user	0m2.161s
sys	0m0.000s
10

real	0m2.154s
user	0m2.154s
sys	0m0.000s
===================================================================================
00010 ./Assignment3/input_data/ellipse_N_00010.gal 200
N = 10
fileName1 = 'result.gal'
fileName2 = './Assignment3/ref_output_data/ellipse_N_00010_after200steps.gal'
pos_maxdiff =   0.000000000000
1

real	0m0.001s
user	0m0.001s
sys	0m0.000s
2

real	0m0.001s
user	0m0.001s
sys	0m0.000s
3

real	0m0.001s
user	0m0.001s
sys	0m0.001s
4

real	0m0.001s
user	0m0.001s
sys	0m0.000s
5

real	0m0.002s
user	0m0.002s
sys	0m0.001s
6

real	0m0.001s
user	0m0.000s
sys	0m0.001s
7

real	0m0.001s
user	0m0.001s
sys	0m0.000s
8

real	0m0.001s
user	0m0.001s
sys	0m0.000s
9

real	0m0.001s
user	0m0.001s
sys	0m0.000s
10

real	0m0.001s
user	0m0.000s
sys	0m0.001s
00100 ./Assignment3/input_data/ellipse_N_00100.gal 200
N = 100
fileName1 = 'result.gal'
fileName2 = './Assignment3/ref_output_data/ellipse_N_00100_after200steps.gal'
pos_maxdiff =   0.000000000000
1

real	0m0.007s
user	0m0.007s
sys	0m0.000s
2

real	0m0.006s
user	0m0.006s
sys	0m0.000s
3

real	0m0.007s
user	0m0.007s
sys	0m0.000s
4

real	0m0.006s
user	0m0.006s
sys	0m0.000s
5

real	0m0.006s
user	0m0.006s
sys	0m0.000s
6

real	0m0.006s
user	0m0.006s
sys	0m0.000s
7

real	0m0.007s
user	0m0.006s
sys	0m0.000s
8

real	0m0.006s
user	0m0.006s
sys	0m0.000s
9

real	0m0.007s
user	0m0.003s
sys	0m0.004s
10

real	0m0.023s
user	0m0.018s
sys	0m0.005s
00500 ./Assignment3/input_data/ellipse_N_00500.gal 200
N = 500
fileName1 = 'result.gal'
fileName2 = './Assignment3/ref_output_data/ellipse_N_00500_after200steps.gal'
pos_maxdiff =   0.000000000000
1

real	0m0.123s
user	0m0.122s
sys	0m0.000s
2

real	0m0.123s
user	0m0.123s
sys	0m0.000s
3

real	0m0.124s
user	0m0.124s
sys	0m0.000s
4

real	0m0.126s
user	0m0.126s
sys	0m0.000s
5

real	0m0.124s
user	0m0.124s
sys	0m0.000s
6

real	0m0.126s
user	0m0.126s
sys	0m0.000s
7

real	0m0.123s
user	0m0.123s
sys	0m0.000s
8

real	0m0.120s
user	0m0.120s
sys	0m0.000s
9

real	0m0.121s
user	0m0.121s
sys	0m0.000s
10

real	0m0.121s
user	0m0.121s
sys	0m0.000s
01000 ./Assignment3/input_data/ellipse_N_01000.gal 200
===================================================================================
00010 ./Assignment3/input_data/ellipse_N_00010.gal 200
N = 10
fileName1 = 'result.gal'
fileName2 = './Assignment3/ref_output_data/ellipse_N_00010_after200steps.gal'
pos_maxdiff =   0.000000000000
1

real	0m0.137s
user	0m0.013s
sys	0m0.008s
2

real	0m0.024s
user	0m0.014s
sys	0m0.003s
3

real	0m0.015s
user	0m0.011s
sys	0m0.004s
4

real	0m0.168s
user	0m0.004s
sys	0m0.013s
5

real	0m0.014s
user	0m0.007s
sys	0m0.007s
6

real	0m0.151s
user	0m0.017s
sys	0m0.000s
7

real	0m0.015s
user	0m0.010s
sys	0m0.005s
8

real	0m0.017s
user	0m0.004s
sys	0m0.013s
9

real	0m0.142s
user	0m0.008s
sys	0m0.010s
10

real	0m0.015s
user	0m0.007s
sys	0m0.008s
00100 ./Assignment3/input_data/ellipse_N_00100.gal 200
===================================================================================
00010 ./Assignment3/input_data/ellipse_N_00010.gal 200
N = 10
fileName1 = 'result.gal'
fileName2 = './Assignment3/ref_output_data/ellipse_N_00010_after200steps.gal'
pos_maxdiff =   0.000000000000
1

real	0m0.001s
user	0m0.001s
sys	0m0.000s
2

real	0m0.001s
user	0m0.001s
sys	0m0.000s
3

real	0m0.001s
user	0m0.000s
sys	0m0.001s
4

real	0m0.001s
user	0m0.001s
sys	0m0.000s
5

real	0m0.001s
user	0m0.001s
sys	0m0.000s
6

real	0m0.001s
user	0m0.001s
sys	0m0.000s
7

real	0m0.001s
user	0m0.001s
sys	0m0.000s
8

real	0m0.001s
user	0m0.001s
sys	0m0.000s
9

real	0m0.001s
user	0m0.001s
sys	0m0.000s
10

real	0m0.001s
user	0m0.000s
sys	0m0.001s
00100 ./Assignment3/input_data/ellipse_N_00100.gal 200
N = 100
fileName1 = 'result.gal'
fileName2 = './Assignment3/ref_output_data/ellipse_N_00100_after200steps.gal'
read_doubles_from_file error: size of input file 'result.gal' does not match the given n.
For n = 600 the file size is expected to be (n * sizeof(double)) = 4800 but the actual file size is 480.
Error reading file 'result.gal'
1

real	0m0.006s
user	0m0.006s
sys	0m0.000s
2

real	0m0.006s
user	0m0.006s
sys	0m0.000s
3

real	0m0.006s
user	0m0.006s
sys	0m0.000s
4

real	0m0.007s
user	0m0.006s
sys	0m0.000s
5

real	0m0.008s
user	0m0.007s
sys	0m0.000s
6

real	0m0.006s
user	0m0.006s
sys	0m0.000s
7

real	0m0.006s
user	0m0.006s
sys	0m0.000s
8

real	0m0.007s
user	0m0.006s
sys	0m0.000s
9

real	0m0.006s
user	0m0.006s
sys	0m0.000s
10

real	0m0.006s
user	0m0.003s
sys	0m0.003s
00500 ./Assignment3/input_data/ellipse_N_00500.gal 200
N = 500
fileName1 = 'result.gal'
fileName2 = './Assignment3/ref_output_data/ellipse_N_00500_after200steps.gal'
read_doubles_from_file error: size of input file 'result.gal' does not match the given n.
For n = 3000 the file size is expected to be (n * sizeof(double)) = 24000 but the actual file size is 480.
Error reading file 'result.gal'
1

real	0m0.136s
user	0m0.132s
sys	0m0.004s
2

real	0m0.129s
user	0m0.128s
sys	0m0.000s
3

real	0m0.129s
user	0m0.129s
sys	0m0.000s
4

real	0m0.166s
user	0m0.160s
sys	0m0.005s
5

real	0m0.121s
user	0m0.121s
sys	0m0.000s
6

real	0m0.103s
user	0m0.103s
sys	0m0.000s
