===================================================================================
00010 ./Assignment3/input_data/ellipse_N_00010.gal 200
N = 10
fileName1 = 'result.gal'
fileName2 = './Assignment3/ref_output_data/ellipse_N_00010_after200steps.gal'
pos_maxdiff =   0.051025424769
1

real	0m0.004s
user	0m0.000s
sys	0m0.004s
2

real	0m0.004s
user	0m0.004s
sys	0m0.000s
3

real	0m0.004s
user	0m0.000s
sys	0m0.004s
4

real	0m0.004s
user	0m0.004s
sys	0m0.000s
5

real	0m0.004s
user	0m0.000s
sys	0m0.004s
6

real	0m0.004s
user	0m0.004s
sys	0m0.000s
7

real	0m0.004s
user	0m0.000s
sys	0m0.004s
8

real	0m0.004s
user	0m0.004s
sys	0m0.000s
9

real	0m0.004s
user	0m0.004s
sys	0m0.000s
10

real	0m0.004s
user	0m0.000s
sys	0m0.004s
00100 ./Assignment3/input_data/ellipse_N_00100.gal 200
N = 100
fileName1 = 'result.gal'
fileName2 = './Assignment3/ref_output_data/ellipse_N_00100_after200steps.gal'
Error: strange numbers found in file 'result.gal'.
1

real	0m0.181s
user	0m0.181s
sys	0m0.000s
2

real	0m0.171s
user	0m0.168s
sys	0m0.003s
3

real	0m0.165s
user	0m0.164s
sys	0m0.000s
4

real	0m0.159s
user	0m0.155s
sys	0m0.004s
5

real	0m0.154s
user	0m0.150s
sys	0m0.004s
6

real	0m0.154s
user	0m0.153s
sys	0m0.000s
7

real	0m0.154s
user	0m0.154s
sys	0m0.000s
8

real	0m0.155s
user	0m0.155s
sys	0m0.000s
9

real	0m0.155s
user	0m0.155s
sys	0m0.000s
10

real	0m0.154s
user	0m0.154s
sys	0m0.000s
00500 ./Assignment3/input_data/ellipse_N_00500.gal 200
N = 500
fileName1 = 'result.gal'
fileName2 = './Assignment3/ref_output_data/ellipse_N_00500_after200steps.gal'
Error: strange numbers found in file 'result.gal'.
1

real	0m2.807s
user	0m2.807s
sys	0m0.000s
2

real	0m2.815s
user	0m2.815s
sys	0m0.000s
3

real	0m2.818s
user	0m2.817s
sys	0m0.000s
4

real	0m2.807s
user	0m2.807s
sys	0m0.000s
5

real	0m2.805s
user	0m2.805s
sys	0m0.000s
6

real	0m2.805s
user	0m2.805s
sys	0m0.000s
7

real	0m2.804s
user	0m2.804s
sys	0m0.000s
8

real	0m2.836s
user	0m2.836s
sys	0m0.000s
9

real	0m2.831s
user	0m2.831s
sys	0m0.000s
10

real	0m2.810s
user	0m2.810s
sys	0m0.000s
01000 ./Assignment3/input_data/ellipse_N_01000.gal 200
N = 1000
fileName1 = 'result.gal'
fileName2 = './Assignment3/ref_output_data/ellipse_N_01000_after200steps.gal'
Error: strange numbers found in file 'result.gal'.
1

real	0m10.545s
user	0m10.544s
sys	0m0.000s
2

real	0m10.649s
user	0m10.641s
sys	0m0.008s
3

real	0m10.559s
user	0m10.550s
sys	0m0.008s
4

real	0m10.562s
user	0m10.556s
sys	0m0.004s
5

real	0m10.557s
user	0m10.557s
sys	0m0.000s
6

real	0m10.535s
user	0m10.534s
sys	0m0.000s
7

real	0m10.546s
user	0m10.545s
sys	0m0.000s
8

real	0m10.530s
user	0m10.530s
sys	0m0.000s
9

real	0m10.893s
user	0m10.893s
sys	0m0.000s
10

real	0m10.543s
user	0m10.543s
sys	0m0.000s
02000 ./Assignment3/input_data/ellipse_N_02000.gal 200
N = 2000
fileName1 = 'result.gal'
fileName2 = './Assignment3/ref_output_data/ellipse_N_02000_after200steps.gal'
Error: strange numbers found in file 'result.gal'.
1

real	0m40.850s
user	0m40.849s
sys	0m0.000s
2

real	0m40.817s
user	0m40.817s
sys	0m0.000s
3

real	0m41.032s
user	0m41.031s
sys	0m0.000s
4

real	0m41.371s
user	0m41.370s
sys	0m0.000s
5

real	0m40.875s
user	0m40.872s
sys	0m0.000s
6

real	0m41.062s
user	0m41.061s
sys	0m0.000s
7

real	0m42.322s
user	0m42.317s
sys	0m0.004s
8

real	0m41.049s
user	0m41.047s
sys	0m0.000s
9

real	0m41.032s
user	0m41.031s
sys	0m0.000s
10

real	0m41.014s
user	0m41.005s
sys	0m0.008s
03000 ./Assignment3/input_data/ellipse_N_03000.gal 100
N = 3000
fileName1 = 'result.gal'
fileName2 = './Assignment3/ref_output_data/ellipse_N_03000_after100steps.gal'
Error: strange numbers found in file 'result.gal'.
1

real	0m45.854s
user	0m45.849s
sys	0m0.004s
2

real	0m45.913s
user	0m45.904s
sys	0m0.008s
3

real	0m45.813s
user	0m45.812s
sys	0m0.000s
4

real	0m45.772s
user	0m45.767s
sys	0m0.004s
5

real	0m45.787s
user	0m45.782s
sys	0m0.004s
6

real	0m45.772s
user	0m45.771s
sys	0m0.000s
7

real	0m46.318s
user	0m46.288s
sys	0m0.000s
8

real	0m46.278s
user	0m46.277s
sys	0m0.000s
9

real	0m47.386s
user	0m47.381s
sys	0m0.004s
10

real	0m45.833s
user	0m45.828s
sys	0m0.004s
