===================================================================================
00010 ./input_data/ellipse_N_00010.gal 200
N = 10
fileName1 = 'result.gal'
fileName2 = 'refresult.gal'
pos_maxdiff =   0.000961160860
1

real	0m0.002s
user	0m0.002s
sys	0m0.000s
2

real	0m0.002s
user	0m0.003s
sys	0m0.000s
3

real	0m0.006s
user	0m0.005s
sys	0m0.001s
4

real	0m0.002s
user	0m0.002s
sys	0m0.000s
5

real	0m0.002s
user	0m0.002s
sys	0m0.000s
6

real	0m0.003s
user	0m0.000s
sys	0m0.002s
7

real	0m0.003s
user	0m0.003s
sys	0m0.000s
8

real	0m0.002s
user	0m0.003s
sys	0m0.000s
9

real	0m0.002s
user	0m0.002s
sys	0m0.000s
10

real	0m0.002s
user	0m0.002s
sys	0m0.000s
00100 ./input_data/ellipse_N_00100.gal 200
N = 100
fileName1 = 'result.gal'
fileName2 = 'refresult.gal'
pos_maxdiff =   0.001701699997
1

real	0m0.049s
user	0m0.049s
sys	0m0.000s
2

real	0m0.054s
user	0m0.042s
sys	0m0.012s
3

real	0m0.053s
user	0m0.046s
sys	0m0.008s
4

real	0m0.054s
user	0m0.050s
sys	0m0.004s
5

real	0m0.052s
user	0m0.048s
sys	0m0.004s
6

real	0m0.051s
user	0m0.051s
sys	0m0.000s
7

real	0m0.052s
user	0m0.052s
sys	0m0.000s
8

real	0m0.058s
user	0m0.049s
sys	0m0.009s
9

real	0m0.053s
user	0m0.053s
sys	0m0.000s
10

real	0m0.051s
user	0m0.047s
sys	0m0.005s
00500 ./input_data/ellipse_N_00500.gal 200
N = 500
fileName1 = 'result.gal'
fileName2 = 'refresult.gal'
pos_maxdiff =   0.001692706726
1

real	0m0.553s
user	0m0.552s
sys	0m0.000s
2

real	0m0.554s
user	0m0.553s
sys	0m0.000s
3

real	0m0.552s
user	0m0.539s
sys	0m0.012s
4

real	0m0.554s
user	0m0.526s
sys	0m0.028s
5

real	0m0.554s
user	0m0.542s
sys	0m0.012s
6

real	0m0.551s
user	0m0.546s
sys	0m0.004s
7

real	0m0.551s
user	0m0.547s
sys	0m0.004s
8

real	0m0.550s
user	0m0.545s
sys	0m0.004s
9

real	0m0.551s
user	0m0.539s
sys	0m0.012s
10

real	0m0.552s
user	0m0.547s
sys	0m0.004s
01000 ./input_data/ellipse_N_01000.gal 200
N = 1000
fileName1 = 'result.gal'
fileName2 = 'refresult.gal'
pos_maxdiff =   0.002220442078
1

real	0m1.546s
user	0m1.530s
sys	0m0.016s
2

real	0m1.548s
user	0m1.540s
sys	0m0.008s
3

real	0m1.551s
user	0m1.530s
sys	0m0.020s
4

real	0m1.539s
user	0m1.534s
sys	0m0.004s
5

real	0m1.546s
user	0m1.530s
sys	0m0.016s
6

real	0m1.546s
user	0m1.530s
sys	0m0.016s
7

real	0m1.546s
user	0m1.530s
sys	0m0.016s
8

real	0m1.539s
user	0m1.511s
sys	0m0.028s
9

real	0m1.555s
user	0m1.517s
sys	0m0.036s
10

real	0m1.555s
user	0m1.543s
sys	0m0.012s
02000 ./input_data/ellipse_N_02000.gal 200
N = 2000
fileName1 = 'result.gal'
fileName2 = 'refresult.gal'
pos_maxdiff =   0.000885759450
1

real	0m4.080s
user	0m4.044s
sys	0m0.036s
2

real	0m4.097s
user	0m4.044s
sys	0m0.052s
3

real	0m4.092s
user	0m4.063s
sys	0m0.028s
4

real	0m4.511s
user	0m4.466s
sys	0m0.045s
5

real	0m4.125s
user	0m4.101s
sys	0m0.024s
6

real	0m4.077s
user	0m4.029s
sys	0m0.048s
7

real	0m4.092s
user	0m4.067s
sys	0m0.024s
8

real	0m4.083s
user	0m4.067s
sys	0m0.016s
9

real	0m4.105s
user	0m4.072s
sys	0m0.032s
10

real	0m4.106s
user	0m4.058s
sys	0m0.048s
03000 ./input_data/ellipse_N_03000.gal 100
N = 3000
fileName1 = 'result.gal'
fileName2 = 'refresult.gal'
pos_maxdiff =   0.000108287408
1

real	0m3.618s
user	0m3.569s
sys	0m0.048s
2

real	0m3.626s
user	0m3.589s
sys	0m0.036s
3

real	0m3.623s
user	0m3.595s
sys	0m0.028s
4

real	0m3.618s
user	0m3.578s
sys	0m0.040s
5

real	0m2.772s
user	0m2.756s
sys	0m0.016s
===================================================================================
00010 ./input_data/ellipse_N_00010.gal 200
N = 10
fileName1 = 'result.gal'
fileName2 = 'refresult.gal'
pos_maxdiff =   0.000961160860
1

real	0m0.002s
user	0m0.002s
sys	0m0.000s
2

real	0m0.003s
user	0m0.003s
sys	0m0.000s
3

real	0m0.002s
user	0m0.002s
sys	0m0.000s
4

real	0m0.002s
user	0m0.002s
sys	0m0.000s
5

real	0m0.002s
user	0m0.002s
sys	0m0.000s
6

real	0m0.002s
user	0m0.002s
sys	0m0.000s
7

real	0m0.002s
user	0m0.002s
sys	0m0.001s
8

real	0m0.002s
user	0m0.002s
sys	0m0.000s
9

real	0m0.003s
user	0m0.000s
sys	0m0.003s
10

real	0m0.002s
user	0m0.002s
sys	0m0.000s
00100 ./input_data/ellipse_N_00100.gal 200
N = 100
fileName1 = 'result.gal'
fileName2 = 'refresult.gal'
pos_maxdiff =   0.001701699997
1

real	0m0.050s
user	0m0.050s
sys	0m0.000s
2

real	0m0.052s
user	0m0.048s
sys	0m0.005s
3

real	0m0.051s
user	0m0.051s
sys	0m0.000s
4

real	0m0.050s
user	0m0.043s
sys	0m0.008s
5

real	0m0.052s
user	0m0.051s
sys	0m0.000s
6

real	0m0.056s
user	0m0.055s
sys	0m0.000s
7

real	0m0.048s
user	0m0.043s
sys	0m0.004s
8

real	0m0.047s
user	0m0.039s
sys	0m0.008s
9

real	0m0.047s
user	0m0.047s
sys	0m0.000s
10

real	0m0.048s
user	0m0.047s
sys	0m0.000s
00500 ./input_data/ellipse_N_00500.gal 200
N = 500
fileName1 = 'result.gal'
fileName2 = 'refresult.gal'
pos_maxdiff =   0.001692706726
1

real	0m0.553s
user	0m0.545s
sys	0m0.008s
2

real	0m0.553s
user	0m0.545s
sys	0m0.008s
3

real	0m0.550s
user	0m0.542s
sys	0m0.008s
4

real	0m0.552s
user	0m0.539s
sys	0m0.012s
5

real	0m0.554s
user	0m0.550s
sys	0m0.004s
6

real	0m0.554s
user	0m0.542s
sys	0m0.012s
7

real	0m0.553s
user	0m0.553s
sys	0m0.000s
8

real	0m0.553s
user	0m0.533s
sys	0m0.020s
9

real	0m0.552s
user	0m0.540s
sys	0m0.012s
10

real	0m0.551s
user	0m0.543s
sys	0m0.008s
01000 ./input_data/ellipse_N_01000.gal 200
N = 1000
fileName1 = 'result.gal'
fileName2 = 'refresult.gal'
pos_maxdiff =   0.002220442078
1

real	0m1.547s
user	0m1.507s
sys	0m0.040s
2

real	0m1.548s
user	0m1.520s
sys	0m0.028s
3

real	0m1.549s
user	0m1.537s
sys	0m0.012s
4

real	0m1.546s
user	0m1.526s
sys	0m0.020s
5

real	0m1.555s
user	0m1.547s
sys	0m0.008s
6

real	0m1.555s
user	0m1.547s
sys	0m0.008s
7

real	0m1.551s
user	0m1.527s
sys	0m0.024s
8

real	0m1.558s
user	0m1.538s
sys	0m0.020s
9

real	0m1.557s
user	0m1.544s
sys	0m0.012s
10

real	0m1.553s
user	0m1.537s
sys	0m0.016s
02000 ./input_data/ellipse_N_02000.gal 200
N = 2000
fileName1 = 'result.gal'
fileName2 = 'refresult.gal'
pos_maxdiff =   0.000885759450
1

real	0m4.127s
user	0m4.079s
sys	0m0.048s
2

real	0m4.130s
user	0m4.098s
sys	0m0.032s
3

real	0m4.931s
user	0m4.891s
sys	0m0.039s
4

real	0m4.186s
user	0m4.129s
sys	0m0.056s
5

real	0m4.145s
user	0m4.108s
sys	0m0.036s
6

real	0m4.124s
user	0m4.076s
sys	0m0.048s
7

real	0m4.114s
user	0m4.090s
sys	0m0.024s
8

real	0m4.107s
user	0m4.067s
sys	0m0.040s
9

real	0m4.114s
user	0m4.097s
sys	0m0.016s
10

real	0m4.130s
user	0m4.106s
sys	0m0.024s
03000 ./input_data/ellipse_N_03000.gal 100
N = 3000
fileName1 = 'result.gal'
fileName2 = 'refresult.gal'
pos_maxdiff =   0.000108287408
1

real	0m3.644s
user	0m3.608s
sys	0m0.036s
2

real	0m3.654s
user	0m3.614s
sys	0m0.040s
3

real	0m3.647s
user	0m3.619s
sys	0m0.028s
4

real	0m3.637s
user	0m3.589s
sys	0m0.048s
5

real	0m3.625s
user	0m3.597s
sys	0m0.028s
6

real	0m3.635s
user	0m3.607s
sys	0m0.028s
7

real	0m3.650s
user	0m3.618s
sys	0m0.032s
8

real	0m3.623s
user	0m3.595s
sys	0m0.028s
9

real	0m3.625s
user	0m3.605s
sys	0m0.020s
10

real	0m3.636s
user	0m3.616s
sys	0m0.020s
===================================================================================
00010 ./input_data/ellipse_N_00010.gal 200
N = 10
fileName1 = 'result.gal'
fileName2 = 'refresult.gal'
pos_maxdiff =   0.000961160862
1

real	0m0.002s
user	0m0.002s
sys	0m0.000s
2

real	0m0.002s
user	0m0.002s
sys	0m0.000s
3

real	0m0.002s
user	0m0.000s
sys	0m0.002s
4

real	0m0.002s
user	0m0.002s
sys	0m0.000s
5

real	0m0.002s
user	0m0.002s
sys	0m0.000s
6

real	0m0.002s
user	0m0.002s
sys	0m0.000s
7

real	0m0.002s
user	0m0.000s
sys	0m0.002s
8

real	0m0.002s
user	0m0.000s
sys	0m0.002s
9

real	0m0.002s
user	0m0.002s
sys	0m0.000s
10

real	0m0.003s
user	0m0.004s
sys	0m0.000s
00100 ./input_data/ellipse_N_00100.gal 200
N = 100
fileName1 = 'result.gal'
fileName2 = 'refresult.gal'
pos_maxdiff =   0.001701699997
1

real	0m0.062s
user	0m0.057s
sys	0m0.005s
2

real	0m0.049s
user	0m0.049s
sys	0m0.000s
3

real	0m0.056s
user	0m0.056s
sys	0m0.000s
4

real	0m0.051s
user	0m0.051s
sys	0m0.000s
5

real	0m0.050s
user	0m0.046s
sys	0m0.004s
6

real	0m0.051s
user	0m0.051s
sys	0m0.000s
7

real	0m0.050s
user	0m0.050s
sys	0m0.000s
8

real	0m0.049s
user	0m0.049s
sys	0m0.000s
9

real	0m0.051s
user	0m0.051s
sys	0m0.000s
10

real	0m0.077s
user	0m0.077s
sys	0m0.000s
00500 ./input_data/ellipse_N_00500.gal 200
N = 500
fileName1 = 'result.gal'
fileName2 = 'refresult.gal'
pos_maxdiff =   0.001692706726
1

real	0m0.556s
user	0m0.552s
sys	0m0.004s
2

real	0m0.555s
user	0m0.543s
sys	0m0.012s
3

real	0m0.559s
user	0m0.543s
sys	0m0.016s
4

real	0m0.557s
user	0m0.549s
sys	0m0.008s
5

real	0m0.557s
user	0m0.553s
sys	0m0.004s
6

real	0m0.558s
user	0m0.550s
sys	0m0.008s
7

real	0m0.557s
user	0m0.549s
sys	0m0.008s
8

real	0m0.559s
user	0m0.555s
sys	0m0.004s
9

real	0m0.553s
user	0m0.549s
sys	0m0.004s
10

real	0m0.554s
user	0m0.550s
sys	0m0.004s
01000 ./input_data/ellipse_N_01000.gal 200
N = 1000
fileName1 = 'result.gal'
fileName2 = 'refresult.gal'
pos_maxdiff =   0.002220442078
1

real	0m1.825s
user	0m1.810s
sys	0m0.012s
2

real	0m2.011s
user	0m1.971s
sys	0m0.035s
3

real	0m1.562s
user	0m1.547s
sys	0m0.016s
4

real	0m1.606s
user	0m1.570s
sys	0m0.036s
5

real	0m1.571s
user	0m1.559s
sys	0m0.012s
6

real	0m1.564s
user	0m1.544s
sys	0m0.020s
7

real	0m1.560s
user	0m1.528s
sys	0m0.032s
8

real	0m1.573s
user	0m1.561s
sys	0m0.012s
9

real	0m1.569s
user	0m1.557s
sys	0m0.012s
10

real	0m1.566s
user	0m1.544s
sys	0m0.020s
02000 ./input_data/ellipse_N_02000.gal 200
N = 2000
fileName1 = 'result.gal'
fileName2 = 'refresult.gal'
pos_maxdiff =   0.000885759450
1

real	0m4.170s
user	0m4.122s
sys	0m0.048s
2

real	0m4.140s
user	0m4.104s
sys	0m0.036s
3

real	0m4.112s
user	0m4.096s
sys	0m0.016s
4

real	0m4.159s
user	0m4.130s
sys	0m0.028s
5

real	0m4.132s
user	0m4.087s
sys	0m0.044s
6

real	0m4.106s
user	0m4.090s
sys	0m0.016s
7

real	0m4.160s
user	0m4.144s
sys	0m0.016s
8

real	0m4.301s
user	0m4.268s
sys	0m0.033s
9

real	0m4.163s
user	0m4.119s
sys	0m0.044s
10

real	0m4.115s
user	0m4.074s
sys	0m0.040s
03000 ./input_data/ellipse_N_03000.gal 100
N = 3000
fileName1 = 'result.gal'
fileName2 = 'refresult.gal'
pos_maxdiff =   0.000108287408
1

real	0m3.672s
user	0m3.648s
sys	0m0.024s
2

real	0m3.656s
user	0m3.619s
sys	0m0.036s
3

real	0m3.657s
user	0m3.621s
sys	0m0.036s
4

real	0m3.642s
user	0m3.618s
sys	0m0.024s
5

real	0m3.641s
user	0m3.608s
sys	0m0.032s
6

real	0m3.640s
user	0m3.612s
sys	0m0.028s
7

real	0m3.637s
user	0m3.613s
sys	0m0.024s
8

real	0m3.647s
user	0m3.611s
sys	0m0.037s
9

real	0m3.634s
user	0m3.606s
sys	0m0.028s
10

real	0m3.644s
user	0m3.584s
sys	0m0.060s
===================================================================================
00010 ./input_data/ellipse_N_00010.gal 200
N = 10
fileName1 = 'result.gal'
fileName2 = 'refresult.gal'
pos_maxdiff =   0.000000000000
1

real	0m0.003s
user	0m0.003s
sys	0m0.000s
2

real	0m0.002s
user	0m0.003s
sys	0m0.000s
3

real	0m0.002s
user	0m0.002s
sys	0m0.000s
4

real	0m0.002s
user	0m0.002s
sys	0m0.000s
5

real	0m0.002s
user	0m0.002s
sys	0m0.000s
6

real	0m0.002s
user	0m0.002s
sys	0m0.000s
7

real	0m0.002s
user	0m0.002s
sys	0m0.000s
8

real	0m0.002s
user	0m0.000s
sys	0m0.003s
9

real	0m0.002s
user	0m0.002s
sys	0m0.000s
10

real	0m0.002s
user	0m0.002s
sys	0m0.000s
00100 ./input_data/ellipse_N_00100.gal 200
N = 100
fileName1 = 'result.gal'
fileName2 = 'refresult.gal'
pos_maxdiff =   0.000000000000
1

real	0m0.050s
user	0m0.050s
sys	0m0.000s
2

real	0m0.050s
user	0m0.050s
sys	0m0.000s
3

real	0m0.049s
user	0m0.045s
sys	0m0.004s
4

real	0m0.051s
user	0m0.039s
sys	0m0.012s
5

real	0m0.048s
user	0m0.048s
sys	0m0.000s
6

real	0m0.048s
user	0m0.048s
sys	0m0.000s
7

real	0m0.050s
user	0m0.046s
sys	0m0.004s
8

real	0m0.049s
user	0m0.049s
sys	0m0.000s
9

real	0m0.048s
user	0m0.048s
sys	0m0.000s
10

real	0m0.048s
user	0m0.044s
sys	0m0.004s
00500 ./input_data/ellipse_N_00500.gal 200
N = 500
fileName1 = 'result.gal'
fileName2 = 'refresult.gal'
pos_maxdiff =   0.000000000000
1

real	0m0.554s
user	0m0.538s
sys	0m0.016s
2

real	0m0.556s
user	0m0.551s
sys	0m0.004s
3

real	0m0.554s
user	0m0.538s
sys	0m0.016s
4

real	0m0.556s
user	0m0.532s
sys	0m0.024s
5

real	0m0.557s
user	0m0.537s
sys	0m0.020s
6

real	0m0.558s
user	0m0.541s
sys	0m0.016s
7

real	0m0.556s
user	0m0.540s
sys	0m0.016s
8

real	0m0.559s
user	0m0.551s
sys	0m0.008s
9

real	0m0.560s
user	0m0.543s
sys	0m0.016s
10

real	0m0.562s
user	0m0.558s
sys	0m0.004s
01000 ./input_data/ellipse_N_01000.gal 200
N = 1000
fileName1 = 'result.gal'
fileName2 = 'refresult.gal'
pos_maxdiff =   0.000000000000
1

real	0m1.554s
user	0m1.542s
sys	0m0.012s
2

real	0m1.548s
user	0m1.544s
sys	0m0.004s
3

real	0m1.551s
user	0m1.535s
sys	0m0.016s
4

real	0m1.552s
user	0m1.548s
sys	0m0.004s
5

real	0m1.551s
user	0m1.539s
sys	0m0.012s
6

real	0m1.546s
user	0m1.534s
sys	0m0.012s
7

real	0m1.554s
user	0m1.534s
sys	0m0.020s
8

real	0m1.552s
user	0m1.552s
sys	0m0.000s
9

real	0m1.549s
user	0m1.537s
sys	0m0.012s
10

real	0m1.547s
user	0m1.527s
sys	0m0.020s
02000 ./input_data/ellipse_N_02000.gal 200
N = 2000
fileName1 = 'result.gal'
fileName2 = 'refresult.gal'
pos_maxdiff =   0.000000000000
1

real	0m4.128s
user	0m4.091s
sys	0m0.036s
2

real	0m4.124s
user	0m4.079s
sys	0m0.044s
3

real	0m4.119s
user	0m4.082s
sys	0m0.036s
4

real	0m4.137s
user	0m4.096s
sys	0m0.040s
5

real	0m4.117s
user	0m4.073s
sys	0m0.044s
6

real	0m4.114s
user	0m4.073s
sys	0m0.040s
7

real	0m4.110s
user	0m4.058s
sys	0m0.052s
8

real	0m4.115s
user	0m4.102s
sys	0m0.012s
9

real	0m4.116s
user	0m4.068s
sys	0m0.048s
10

real	0m4.108s
user	0m4.071s
sys	0m0.036s
03000 ./input_data/ellipse_N_03000.gal 100
N = 3000
fileName1 = 'result.gal'
fileName2 = 'refresult.gal'
pos_maxdiff =   0.000000000000
1

real	0m3.633s
user	0m3.608s
sys	0m0.024s
2

real	0m3.633s
user	0m3.616s
sys	0m0.016s
3

real	0m3.643s
user	0m3.622s
sys	0m0.020s
4

real	0m3.626s
user	0m3.606s
sys	0m0.020s
5

real	0m3.629s
user	0m3.617s
sys	0m0.012s
6

real	0m3.624s
user	0m3.595s
sys	0m0.028s
7

real	0m3.623s
user	0m3.599s
sys	0m0.024s
8

real	0m3.627s
user	0m3.607s
sys	0m0.020s
9

real	0m3.640s
user	0m3.611s
sys	0m0.028s
10

real	0m3.613s
user	0m3.593s
sys	0m0.020s
